#
# There is insufficient memory for the Java Runtime Environment to continue.
# Native memory allocation (malloc) failed to allocate 524288 bytes for AllocateHeap
# Possible reasons:
#   The system is out of physical RAM or swap space
#   The process is running with CompressedOops enabled, and the Java Heap may be blocking the growth of the native heap
# Possible solutions:
#   Reduce memory load on the system
#   Increase physical memory or swap space
#   Check if swap backing store is full
#   Decrease Java heap size (-Xmx/-Xms)
#   Decrease number of Java threads
#   Decrease Java thread stack sizes (-Xss)
#   Set larger code cache with -XX:ReservedCodeCacheSize=
#   JVM is running with Zero Based Compressed Oops mode in which the Java heap is
#     placed in the first 32GB address space. The Java Heap base address is the
#     maximum limit for the native heap growth. Please use -XX:HeapBaseMinAddress
#     to set the Java Heap base and to place the Java Heap above 32GB virtual address.
# This output file may be truncated or incomplete.
#
#  Out of Memory Error (./open/src/hotspot/share/memory/allocation.cpp:46), pid=7424, tid=31244
#
# JRE version:  (11.0.16+11) (build )
# Java VM: Java HotSpot(TM) 64-Bit Server VM (11.0.16+11-LTS-199, mixed mode, tiered, compressed oops, g1 gc, windows-amd64)
# No core dump will be written. Minidumps are not enabled by default on client versions of Windows
#

---------------  S U M M A R Y ------------

Command Line: org.jetbrains.kotlin.cli.jvm.K2JVMCompiler @D:\The God Folder\Github\UltimateTracker\UltimateTracker\node_modules\expo\android\build\20240207_11403246716080298788.compiler.options

Host: AMD Ryzen 5 3600 6-Core Processor              , 12 cores, 15G,  Windows 10 , 64 bit Build 19041 (10.0.19041.3636)
Time: Wed Feb  7 02:32:13 2024 GMT Standard Time elapsed time: 0.015229 seconds (0d 0h 0m 0s)

---------------  T H R E A D  ---------------

Current thread (0x000001347f96d800):  JavaThread "Unknown thread" [_thread_in_vm, id=31244, stack(0x0000001801400000,0x0000001801500000)]

Stack: [0x0000001801400000,0x0000001801500000]
Native frames: (J=compiled Java code, j=interpreted, Vv=VM code, C=native code)
V  [jvm.dll+0x62a3ea]
V  [jvm.dll+0x76418f]
V  [jvm.dll+0x765839]
V  [jvm.dll+0x765ec3]
V  [jvm.dll+0x23da98]
V  [jvm.dll+0xb1494]
V  [jvm.dll+0x6bce52]
V  [jvm.dll+0x6bcde7]
V  [jvm.dll+0x6bcf5a]
V  [jvm.dll+0x73db82]
V  [jvm.dll+0x74024e]
V  [jvm.dll+0x346ef9]
V  [jvm.dll+0x723f90]
V  [jvm.dll+0x3b5adf]
V  [jvm.dll+0x3b7bf1]
C  [jli.dll+0x5207]
C  [ucrtbase.dll+0x21bb2]
C  [KERNEL32.DLL+0x17344]
C  [ntdll.dll+0x526b1]


---------------  P R O C E S S  ---------------

Threads class SMR info:
_java_thread_list=0x000001347ea9a170, length=0, elements={
}

Java Threads: ( => current thread )

Other Threads:
  0x000001347f985000 GCTaskThread "GC Thread#0" [stack: 0x0000001801500000,0x0000001801600000] [id=40104]
  0x000001347f9e0800 ConcurrentGCThread "G1 Main Marker" [stack: 0x0000001801600000,0x0000001801700000] [id=24816]
  0x000001347f9e3000 ConcurrentGCThread "G1 Conc#0" [stack: 0x0000001801700000,0x0000001801800000] [id=61264]
  0x0000013423e21000 ConcurrentGCThread "G1 Refine#0" [stack: 0x0000001801800000,0x0000001801900000] [id=22296]
  0x0000013423e24000 ConcurrentGCThread "G1 Young RemSet Sampling" [stack: 0x0000001801900000,0x0000001801a00000] [id=56080]

=>0x000001347f96d800 (exited) JavaThread "Unknown thread" [_thread_in_vm, id=31244, stack(0x0000001801400000,0x0000001801500000)]

Threads with active compile tasks:

VM state:not at safepoint (not fully initialized)

VM Mutex/Monitor currently owned by a thread: None

Heap address: 0x0000000701000000, size: 4080 MB, Compressed Oops mode: Zero based, Oop shift amount: 3
Narrow klass base: 0x0000000800000000, Narrow klass shift: 0
Compressed class space size: 1073741824 Address: 0x0000000800000000

GC Heap History (0 events):
No events

Deoptimization events (0 events):
No events

Classes redefined (0 events):
No events

Internal exceptions (0 events):
No events

Events (0 events):
No events


Dynamic libraries:
0x00007ff627dd0000 - 0x00007ff627ddf000 	D:\The God Folder\Programs\Java\bin\java.exe
0x00007ff9ea390000 - 0x00007ff9ea588000 	C:\WINDOWS\SYSTEM32\ntdll.dll
0x00007ff9e8920000 - 0x00007ff9e89dd000 	C:\WINDOWS\System32\KERNEL32.DLL
0x00007ff9e7e10000 - 0x00007ff9e8106000 	C:\WINDOWS\System32\KERNELBASE.dll
0x000000006f160000 - 0x000000006f491000 	C:\Program Files\Norton Security\NortonData\22.22.9.11\Definitions\IPSDefs\20230717.061\IPSEng64.dll
0x00007ff9e83e0000 - 0x00007ff9e8493000 	C:\WINDOWS\System32\ADVAPI32.dll
0x00007ff9e95f0000 - 0x00007ff9e968e000 	C:\WINDOWS\System32\msvcrt.dll
0x00007ff9e84c0000 - 0x00007ff9e855f000 	C:\WINDOWS\System32\sechost.dll
0x00007ff9e87f0000 - 0x00007ff9e8916000 	C:\WINDOWS\System32\RPCRT4.dll
0x00007ff9e7d30000 - 0x00007ff9e7d57000 	C:\WINDOWS\System32\bcrypt.dll
0x00007ff9ea010000 - 0x00007ff9ea018000 	C:\WINDOWS\System32\PSAPI.DLL
0x00007ff9e8180000 - 0x00007ff9e8280000 	C:\WINDOWS\System32\ucrtbase.dll
0x00007ff9ce630000 - 0x00007ff9ce645000 	D:\The God Folder\Programs\Java\bin\VCRUNTIME140.dll
0x00007ff9c30e0000 - 0x00007ff9c30f8000 	D:\The God Folder\Programs\Java\bin\jli.dll
0x00007ff9ea020000 - 0x00007ff9ea1be000 	C:\WINDOWS\System32\USER32.dll
0x00007ff9e7a60000 - 0x00007ff9e7a82000 	C:\WINDOWS\System32\win32u.dll
0x00007ff9cc6d0000 - 0x00007ff9cc96a000 	C:\WINDOWS\WinSxS\amd64_microsoft.windows.common-controls_6595b64144ccf1df_6.0.19041.3636_none_60b6a03d71f818d5\COMCTL32.dll
0x00007ff9e87c0000 - 0x00007ff9e87ec000 	C:\WINDOWS\System32\GDI32.dll
0x00007ff9e7a90000 - 0x00007ff9e7baa000 	C:\WINDOWS\System32\gdi32full.dll
0x00007ff9e7c90000 - 0x00007ff9e7d2d000 	C:\WINDOWS\System32\msvcp_win.dll
0x00007ff9e00e0000 - 0x00007ff9e00ea000 	C:\WINDOWS\SYSTEM32\VERSION.dll
0x00007ff9e8b50000 - 0x00007ff9e8b80000 	C:\WINDOWS\System32\IMM32.DLL
0x00007ff9ac1c0000 - 0x00007ff9ac25b000 	D:\The God Folder\Programs\Java\bin\msvcp140.dll
0x00007ff9775f0000 - 0x00007ff978108000 	D:\The God Folder\Programs\Java\bin\server\jvm.dll
0x00007ff997070000 - 0x00007ff997079000 	C:\WINDOWS\SYSTEM32\WSOCK32.dll
0x00007ff9d8840000 - 0x00007ff9d8867000 	C:\WINDOWS\SYSTEM32\WINMM.dll
0x00007ff9e8d00000 - 0x00007ff9e8d6b000 	C:\WINDOWS\System32\WS2_32.dll
0x00007ff9e5930000 - 0x00007ff9e5942000 	C:\WINDOWS\SYSTEM32\kernel.appcore.dll
0x00007ff9e3650000 - 0x00007ff9e3660000 	D:\The God Folder\Programs\Java\bin\verify.dll
0x00007ff9d7e60000 - 0x00007ff9d8044000 	C:\WINDOWS\SYSTEM32\DBGHELP.DLL
0x00007ff9cc2f0000 - 0x00007ff9cc324000 	C:\WINDOWS\SYSTEM32\dbgcore.DLL
0x00007ff9e7bb0000 - 0x00007ff9e7c32000 	C:\WINDOWS\System32\bcryptPrimitives.dll
0x00007ff9ac190000 - 0x00007ff9ac1b8000 	D:\The God Folder\Programs\Java\bin\java.dll
0x00007ff9e20c0000 - 0x00007ff9e20ca000 	D:\The God Folder\Programs\Java\bin\jimage.dll
0x00007ff9b6b10000 - 0x00007ff9b6b26000 	D:\The God Folder\Programs\Java\bin\zip.dll

dbghelp: loaded successfully - version: 4.0.5 - missing functions: none
symbol engine: initialized successfully - sym options: 0x614 - pdb path: .;D:\The God Folder\Programs\Java\bin;C:\WINDOWS\SYSTEM32;C:\Program Files\Norton Security\NortonData\22.22.9.11\Definitions\IPSDefs\20230717.061;C:\WINDOWS\WinSxS\amd64_microsoft.windows.common-controls_6595b64144ccf1df_6.0.19041.3636_none_60b6a03d71f818d5;D:\The God Folder\Programs\Java\bin\server

VM Arguments:
java_command: org.jetbrains.kotlin.cli.jvm.K2JVMCompiler @D:\The God Folder\Github\UltimateTracker\UltimateTracker\node_modules\expo\android\build\20240207_11403246716080298788.compiler.options
java_class_path (initial): C:\Users\thoma\.gradle\caches\modules-2\files-2.1\org.jetbrains.kotlin\kotlin-compiler-embeddable\1.8.10\b0757fd774344d54ce93f5ad6c30ba1c1731c8ff\kotlin-compiler-embeddable-1.8.10.jar;C:\Users\thoma\.gradle\caches\modules-2\files-2.1\org.jetbrains.kotlin\kotlin-stdlib\1.8.10\6d5560a229477df9406943d5feda5618e98eb64c\kotlin-stdlib-1.8.10.jar;C:\Users\thoma\.gradle\caches\modules-2\files-2.1\org.jetbrains.kotlin\kotlin-script-runtime\1.8.10\b13ea9c7e46d589139e56086a878763290e20bd5\kotlin-script-runtime-1.8.10.jar;C:\Users\thoma\.gradle\caches\modules-2\files-2.1\org.jetbrains.kotlin\kotlin-reflect\1.6.10\1cbe9c92c12a94eea200d23c2bbaedaf3daf5132\kotlin-reflect-1.6.10.jar;C:\Users\thoma\.gradle\caches\modules-2\files-2.1\org.jetbrains.kotlin\kotlin-daemon-embeddable\1.8.10\ad8541d9bc1cf9e52c3204161247910c2cf601d4\kotlin-daemon-embeddable-1.8.10.jar;C:\Users\thoma\.gradle\caches\modules-2\files-2.1\org.jetbrains.intellij.deps\trove4j\1.0.20200330\3afb14d5f9ceb459d724e907a21145e8ff394f02\trove4j-1.0.20200330.jar;C:\Users\thoma\.gradle\caches\modules-2\files-2.1\net.java.dev.jna\jna\5.6.0\330f2244e9030119ab3030fc3fededc86713d9cc\jna-5.6.0.jar;C:\Users\thoma\.gradle\caches\modules-2\files-2.1\org.jetbrains.kotlin\kotlin-stdlib-common\1.8.10\a61b182458550492c12aee66157d7b524a63a5ec\kotlin-stdlib-common-1.8.10.jar;C:\Users\thoma\.gradle\caches\modules-2\files-2.1\org.jetbrains\annotations\13.0\919f0dfe192fb4e063e7dacadee7f8bb9a2672a9\annotations-13.0.jar
Launcher Type: SUN_STANDARD

[Global flags]
     intx CICompilerCount                          = 4                                         {product} {ergonomic}
     uint ConcGCThreads                            = 3                                         {product} {ergonomic}
     uint G1ConcRefinementThreads                  = 10                                        {product} {ergonomic}
   size_t G1HeapRegionSize                         = 1048576                                   {product} {ergonomic}
    uintx GCDrainStackTargetSize                   = 64                                        {product} {ergonomic}
   size_t InitialHeapSize                          = 268435456                                 {product} {ergonomic}
   size_t MarkStackSize                            = 4194304                                   {product} {ergonomic}
   size_t MaxHeapSize                              = 4278190080                                {product} {ergonomic}
   size_t MaxNewSize                               = 2566914048                                {product} {ergonomic}
   size_t MinHeapDeltaBytes                        = 1048576                                   {product} {ergonomic}
    uintx NonNMethodCodeHeapSize                   = 5836300                                {pd product} {ergonomic}
    uintx NonProfiledCodeHeapSize                  = 122910970                              {pd product} {ergonomic}
    uintx ProfiledCodeHeapSize                     = 122910970                              {pd product} {ergonomic}
    uintx ReservedCodeCacheSize                    = 251658240                              {pd product} {ergonomic}
     bool SegmentedCodeCache                       = true                                      {product} {ergonomic}
     bool UseCompressedClassPointers               = true                                 {lp64_product} {ergonomic}
     bool UseCompressedOops                        = true                                 {lp64_product} {ergonomic}
     bool UseG1GC                                  = true                                      {product} {ergonomic}
     bool UseLargePagesIndividualAllocation        = false                                  {pd product} {ergonomic}

Logging:
Log output configuration:
 #0: stdout all=warning uptime,level,tags
 #1: stderr all=off uptime,level,tags

Environment Variables:
JAVA_HOME=D:\The God Folder\Programs\Java
CLASSPATH=D:\The God Folder\Github\UltimateTracker\UltimateTracker\android\\gradle\wrapper\gradle-wrapper.jar
PATH=D:\The God Folder\Github\UltimateTracker\UltimateTracker\node_modules\.bin;D:\The God Folder\Github\UltimateTracker\UltimateTracker\node_modules\.bin;D:\The God Folder\Github\UltimateTracker\node_modules\.bin;D:\The God Folder\Github\node_modules\.bin;D:\The God Folder\node_modules\.bin;D:\node_modules\.bin;D:\The God Folder\Programs\nodejs\node_modules\npm\node_modules\@npmcli\run-script\lib\node-gyp-bin;D:\The God Folder\Github\UltimateTracker\UltimateTracker\node_modules\.bin;D:\The God Folder\Github\UltimateTracker\UltimateTracker\node_modules\.bin;D:\The God Folder\Github\UltimateTracker\node_modules\.bin;D:\The God Folder\Github\node_modules\.bin;D:\The God Folder\node_modules\.bin;D:\node_modules\.bin;D:\The God Folder\Programs\nodejs\node_modules\npm\node_modules\@npmcli\run-script\lib\node-gyp-bin;C:\Program Files (x86)\Razer Chroma SDK\bin;C:\Program Files\Razer Chroma SDK\bin;D:\The God Folder\Programs\server;D:\The God Folder\Programs\client;C:\Program Files\Common Files\Oracle\Java\javapath;C:\Program Files (x86)\Razer\ChromaBroadcast\bin;C:\Program Files\Razer\ChromaBroadcast\bin;C:\WINDOWS\system32;C:\WINDOWS;C:\WINDOWS\System32\Wbem;C:\WINDOWS\System32\WindowsPowerShell\v1.0\;C:\WINDOWS\System32\OpenSSH\;C:\Program Files\NVIDIA Corporation\NVIDIA NvDLISR;C:\WINDOWS\system32\config\systemprofile\AppData\Local\Microsoft\WindowsApps;D:\The God Folder\Programs\Python;D:\The God Folder\Programs\Python\Scripts\;D:\The God Folder\Programs\Java\bin;D:\The God Folder\Programs\Gradle\bin;D:\The God Folder\Programs\Git\cmd;;D:\The God Folder\NTP\bin;D:\The God Folder\Programs\nodejs\;C:\Users\thoma\AppData\Local\Microsoft\WindowsApps;D:\The God Folder\Programs\Programs\Microsoft VS Code\bin;C:\Users\thoma\AppData\Roaming\npm;D:\The God Folder\Programs\heroku\bin;C:\Program Files\dotnet\;C:\Program Files (x86)\NVIDIA Corporation\PhysX\Common;C:\Users\thoma\AppData\Local\Microsoft\WindowsApps;D:\The God Folder\Programs\Programs\Microsoft VS Code\bin;D:\The God 
USERNAME=thoma
OS=Windows_NT
PROCESSOR_IDENTIFIER=AMD64 Family 23 Model 113 Stepping 0, AuthenticAMD



---------------  S Y S T E M  ---------------

OS: Windows 10 , 64 bit Build 19041 (10.0.19041.3636)

CPU:total 12 (initial active 12) (12 cores per cpu, 2 threads per core) family 23 model 113 stepping 0 microcode 0x0, cmov, cx8, fxsr, mmx, sse, sse2, sse3, ssse3, sse4.1, sse4.2, popcnt, avx, avx2, aes, clmul, mmxext, 3dnowpref, lzcnt, sse4a, ht, tsc, tscinvbit, tscinv, bmi1, bmi2, adx,

Memory: 4k page, system-wide physical 16312M (2318M free)
TotalPageFile size 30541M (AvailPageFile size 5M)
current process WorkingSet (physical memory assigned to process): 22M, peak: 22M
current process commit charge ("private bytes"): 333M, peak: 333M

vm_info: Java HotSpot(TM) 64-Bit Server VM (11.0.16+11-LTS-199) for windows-amd64 JRE (11.0.16+11-LTS-199), built on Jun 28 2022 08:23:17 by "mach5one" with MS VC++ 15.9 (VS2017)

END.
